------------------------------------------------------------------------------------------------------------------------------------------------------------------------------------------------------------------------------------------------------------
      name:  <unnamed>
       log:  C:\Users\willi\OneDrive - Washington University in St. Louis\Research\Suburbanization\Data\Modified\estimation\table4e\variables\Econ 413W (IGNORE)\Final Paper\wa_2.log
  log type:  text
 opened on:   2 Nov 2024, 11:38:06

. use ../../table4e_vars.dta, clear

. 
. *************************
. ***** Data Pre-Work *****
. *************************
. drop if msa_name == "Evansville, IN" | msa_name == "San Diego, CA" // Outliers
(2 observations deleted)

. label variable dlcpop2 "Log Change CC Pop."

. label variable dcpop2 "Change CC Pop."

. label variable cc_man_50 "CC Mfg. % Emp. '50"

. label variable draccld_nw_50 "Ray-NW '50"

. label variable rcarea "CC Radius"

. label variable dlpop "Log Change MSA Pop."

. label variable dpop "Change MSA Pop."

. 
. **********************************
. ***** Descriptive statistics *****
. **********************************
. outreg2 using desc_stat.tex, noobs bdec(2) tex(frag) replace sum(log) word label

    Variable |        Obs        Mean    Std. dev.       Min        Max
-------------+---------------------------------------------------------
pct_msa~1950 |         81    10.92432    10.80721   .3177983   43.62681
       nw_50 |         81    13.20182    11.22243    .460864   40.41358
pct_msa~1990 |         81    18.41956     10.3989   1.650832   43.53378
pct_cc_~1990 |         81     34.9527    16.54595   2.820121   78.37338
   cc_man_50 |         81    26.41204    12.60596    4.58197   56.31649
-------------+---------------------------------------------------------
       carea |         81     55.3037    66.15318        7.2      450.9
        cemp |         81    202539.5      413542      39226    3276624
     cfamily |         81    128427.8    263369.3      25725    2113530
     cincome |         81    23604.78    2804.665      16611      30443
     jantemp |         81    34.46296    11.55052        8.5       67.2
-------------+---------------------------------------------------------
     jultemp |         81     75.7963    5.607594       62.5       91.2
     clagemp |         81    163044.3      355402      14757    2839366
        cpop |         81    .4868623    .9865681    .101531   7.891957
      precip |         81    36.94753    10.95346       7.05      66.98
        plst |         81     30.5679    15.43287          1         55
-------------+---------------------------------------------------------
         sun |         81    58.50617    7.292331         48         82
  year_1900s |         81          50           0         50         50
         msa |         81    4729.568    2772.253         80       9320
   placefips |         81    43083.26    24536.07       1000      88000
        trm7 |         81           1           0          1          1
-------------+---------------------------------------------------------
  dis_borcoa |         81    113.0379    147.8801   .0938819   568.9413
       chgar |         81    .5555556          .5          0          1
       stfip |         81     30.5679    15.43287          1         55
      numplc |         81           1           0          1          1
       cpop2 |         81    .4868623    .9865681    .101531   7.891957
-------------+---------------------------------------------------------
       cpop3 |         81    486862.3    986568.1     101531    7891957
       minyr |         81          40           0         40         40
       maxyr |         81          90           0         90         90
        area |         81     2768.58    1703.245        226       9204
         emp |         81    387317.7    695628.7      57658    5454252
-------------+---------------------------------------------------------
       empag |         81    11975.56    8267.537       1773      45005
      empbus |         81    24185.84    47518.05       3727     382411
      empcon |         81    23451.05    37661.85       3223     290832
     empfire |         81    17588.25    43585.17       1812     368117
      empman |         81    119794.8    226979.4       4813    1650005
-------------+---------------------------------------------------------
      empmin |         81    2866.247    7707.772         22      47448
      emppro |         81    33620.37    61753.24       4305     489294
     emptcpu |         81    33761.96    63424.43       4139     501555
      emptrd |         81    79023.83    145626.2      12221    1155951
      exphwy |         81           0           0          0          0
-------------+---------------------------------------------------------
      family |         81    255091.9      448550      40210    3524440
       house |         81    299061.7    524356.4      49585    4118584
      income |         81     22851.5    3255.012   15260.02      29050
      labfor |         81    408761.3      739061      61507    5803170
      lagemp |         81    299940.9    566972.9      41850    4519925
-------------+---------------------------------------------------------
      lagpop |         81    814922.7     1502374     121532   1.19e+07
      medage |         81    30.47935    2.393888   24.31929   35.14285
        occh |         81    284363.8    497601.5      45322    3884606
       pct5s |         81    11.44875    7.466337   3.433333      32.85
     pct65up |         81    7.761094    1.564634   3.678041   12.21927
-------------+---------------------------------------------------------
       pcths |         81    33.34292    8.472287   15.71667      52.76
       pctl5 |         81    1.077233    .1156198   .8826152    1.49121
      pctoth |         81    10.59577    10.74065   .2588173   42.55717
      pctown |         81    56.75759    8.248627   32.72597       73.6
        perh |         81    3.025738    .1923065        2.6   3.421735
-------------+---------------------------------------------------------
         pop |         81    .9814616    1.697944    .160614   13.29141
      popdns |         81    349.0861     329.323   33.51772   2125.729
     rentocc |         81    139628.7    314982.4    15992.1    2613331
      school |         81    9.470959    1.169389   7.038889         12
        lena |         81    1.098765    4.354896          0         23
-------------+---------------------------------------------------------
        lenb |         81    .0987654    .6245986          0          4
        lenc |         81    .7901235    3.707142          0         23
        fira |         81    1.098765    4.354896          0         23
        firb |         81    .0864198    .7777778          0          7
      leccna |         81    .8148148    3.735342          0         23
-------------+---------------------------------------------------------
      leccnb |         81    .0987654    .6245986          0          4
      leccnc |         81    .7654321    3.705643          0         23
     lenatot |         81    114.1111    75.86023          2        434
     lenbtot |         81    40.59259    50.17912          0        272
     lenctot |         81    125.4198    84.83615          0        331
-------------+---------------------------------------------------------
     firatot |         81    113.7901    75.96146          2        434
     firbtot |         81    39.64198    49.36656          0        269
   leccnatot |         81    84.95062     67.9952          0        277
   leccnbtot |         81    19.14815    29.45382          0        134
   leccnctot |         81     89.5679    71.13771          0        295
-------------+---------------------------------------------------------
        racc |         81    .1234568    .4296137          0          2
       racc2 |         81    .1481481    .4772607          0          2
      raccld |         81    .1234568    .4296137          0          2
     raccld2 |         81    .1481481    .4772607          0          2
      raccya |         81    .0617284    .2892092          0          2
-------------+---------------------------------------------------------
       raccy |         81    .0617284    .2892092          0          2
      raccyc |         81    .0493827    .2693155          0          2
         ray |         81    .0987654    .4360315          0          3
        raya |         81    .0987654    .4360315          0          3
        rayc |         81    .0493827    .2693155          0          2
-------------+---------------------------------------------------------
     rayctot |         81    5.777778    2.991655          0         16
      raytot |         81    5.296296    2.541872          1         15
     rayatot |         81    3.765432    1.690204          0          8
     racctot |         81    2.987654    1.453391          0          7
    racc2tot |         81    3.506173    1.305024          1          7
-------------+---------------------------------------------------------
   raccyatot |         81    2.580247    1.587956          0          6
    raccytot |         81    3.283951    1.776475          0          8
         own |         81    144735.1    193585.7   17553.62    1271275
       msa50 |         81           1           0          1          1
       ginih |         81    .3196516    .0236393   .2844759   .3890241
-------------+---------------------------------------------------------
       linch |         81    9.637156    .0989349   9.326128    9.78061
     sdlinch |         81     .816488    .0916495   .6636072   1.070705
      linchx |         81    9.643982    .0842064   9.422659   9.766706
  counterEmp |         81    404157.4    778354.5   51343.11    6209487
   lcountemp |         81    12.29947    .9503851   10.84629   15.64159
-------------+---------------------------------------------------------
         cpi |         81    .1428571           0   .1428571   .1428571
     lincome |         81    10.02601    .1504935   9.632992   10.27677
    clincome |         81    10.06185     .123838    9.71782   10.32361
  statefips1 |         81     28.7037    15.61925          1         55
  statefips2 |         17    35.29412    12.56366         18         55
-------------+---------------------------------------------------------
  statefips3 |          4       42.75    7.675719         34         51
  rays_planm |         81    3.098765    1.280673          0          6
  rays_planc |         81    3.037037    1.259409          0          6
       d_map |         81    .9506173    .2180157          0          1
    rays_44c |         81    2.753086    1.260266          0          6
-------------+---------------------------------------------------------
     d_44map |         81    .8271605    .3804643          0          1
      lcpop2 |         81   -1.318684    .9037952  -2.287391   2.065844
        lpop |         81   -.5487012    .8827749  -1.828751   2.587118
     dlcpop2 |         81    .0017024    .0974223  -.1810212   .2323887
       dlpop |         81    .2351154    .1303408  -.0862314    .693102
-------------+---------------------------------------------------------
     draccld |         81     1.37037    1.461544          0          6
   Dlincomeh |         81    .3064233    .0238507   .2604145   .3927604
      Dginih |         81    .0239208    .0057998   .0045477   .0332697
      rcarea |         81    3.802895     1.78353    1.51388   11.98023
      dcpop2 |         81   -.0008891    .0698512   -.179424   .5086571
-------------+---------------------------------------------------------
        dpop |         81    .2350828    .3402838   -.062264   2.045746
draccld_n~50 |         81    16.72034     25.6291          0   146.5872
rays_plan~50 |         81    42.59916    44.57001          0   219.8808

Following variable is string, not included:  
msa_name  Following variable has no observation, not included:  
cpctblk  cpctfst  nchd_land  nchd_watr  tpop  tarea  auto  emped  empgov  empser  over25  pctblk  pctcol  pctfst  pubtrans  rent  unm  value  cong  
desc_stat.tex
desc_stat.rtf
dir : seeout

. 
. ************************
. ***** Scatterplots *****
. ************************
. graph matrix dlcpop2 draccld_nw_50 cc_man_50 rcarea dlpop, half

. 
end of do-file

. exit, clear
